[0m[[0m[0mdebug[0m] [0m[0m> Exec(;Test/compile; collectAnalyses, None, Some(CommandSource(network-2)))[0m
[0m[[0m[0mdebug[0m] [0m[0munmatched Processing event for requestId None: None[0m
[0m[[0m[0mdebug[0m] [0m[0munmatched Done event for requestId None: None[0m
[0m[[0m[0mdebug[0m] [0m[0m> Exec(Test/compile, None, Some(CommandSource(network-2)))[0m
[0m[[0m[0mdebug[0m] [0m[0munmatched Processing event for requestId None: None[0m
[0m[[0m[0mdebug[0m] [0m[0mEvaluating tasks: Test / compile[0m
[0m[[0m[0mdebug[0m] [0m[0mRunning task... Cancel: Signal, check cycles: false, forcegc: true[0m
[0m[[0m[0mdebug[0m] [0m[0mjsonRpcNotify: JsonRpcNotificationMessage(2.0, build/taskStart, {"taskId":{"id":"24","parents":[]},"eventTime":1644275143511,"message":"Compiling root","dataKind":"compile-task","data":{"target":{"uri":"file:/home/hellhat/Documents/actor-based-blockchain/#root/Compile"}}})[0m
[0m[[0m[0minfo[0m] [0m[0mcompiling 5 Scala sources to /home/hellhat/Documents/actor-based-blockchain/target/scala-3.1.1/classes ...[0m
[0m[[0m[0mdebug[0m] [0m[0mjsonRpcNotify: JsonRpcNotificationMessage(2.0, build/logMessage, {"type":3,"message":"compiling 5 Scala sources to /home/hellhat/Documents/actor-based-blockchain/target/scala-3.1.1/classes ..."})[0m
[0m[[0m[0mdebug[0m] [0m[0mjsonRpcNotify: JsonRpcNotificationMessage(2.0, build/publishDiagnostics, {"textDocument":{"uri":"file:///home/hellhat/Documents/actor-based-blockchain/src/main/scala/com/hellhat/actorbasedblockchain/blockchain/utils/JsonSupport.scala"},"buildTarget":{"uri":"file:/home/hellhat/Documents/actor-based-blockchain/#root/Compile"},"diagnostics":[{"range":{"start":{"line":26,"character":96},"end":{"line":26,"character":112}},"severity":1,"source":"sbt","message":"Found:    Long\nRequired: com.hellhat.actorbasedblockchain.blockchain.Chain"}],"reset":false})[0m
[0m[[0m[31merror[0m] [0m[0m[31m-- [E007] Type Mismatch Error: /home/hellhat/Documents/actor-based-blockchain/src/main/scala/com/hellhat/actorbasedblockchain/blockchain/utils/JsonSupport.scala:27:106 [0m[0m
[0m[[0m[31merror[0m] [0m[0m[31m27 |[0m        ChainLink(index.toInt, proof.toLong, values.convertTo[[35mList[Transaction][0m], previousHash, timestamp.toLong, tail.convertTo(ChainJsonFormat))[0m
[0m[[0m[31merror[0m] [0m[0m   |                                                                                                [31m^^^^^^^^^^^^^^^^[0m[0m
[0m[[0m[31merror[0m] [0m[0m   |             Found:    Long[0m
[0m[[0m[31merror[0m] [0m[0m   |             Required: com.hellhat.actorbasedblockchain.blockchain.Chain[0m
[0m[[0m[0mdebug[0m] [0m[0mjsonRpcNotify: JsonRpcNotificationMessage(2.0, build/logMessage, {"type":1,"message":"\u001b[31m-- [E007] Type Mismatch Error: /home/hellhat/Documents/actor-based-blockchain/src/main/scala/com/hellhat/actorbasedblockchain/blockchain/utils/JsonSupport.scala:27:106 \u001b[0m\n\u001b[31m27 |\u001b[0m        ChainLink(index.toInt, proof.toLong, values.convertTo[\u001b[35mList[Transaction]\u001b[0m], previousHash, timestamp.toLong, tail.convertTo(ChainJsonFormat))\n   |                                                                                                \u001b[31m^^^^^^^^^^^^^^^^\u001b[0m\n   |             Found:    Long\n   |             Required: com.hellhat.actorbasedblockchain.blockchain.Chain"})[0m
[0m[[0m[0mdebug[0m] [0m[0mjsonRpcNotify: JsonRpcNotificationMessage(2.0, build/publishDiagnostics, {"textDocument":{"uri":"file:///home/hellhat/Documents/actor-based-blockchain/src/main/scala/com/hellhat/actorbasedblockchain/blockchain/utils/JsonSupport.scala"},"buildTarget":{"uri":"file:/home/hellhat/Documents/actor-based-blockchain/#root/Compile"},"diagnostics":[{"range":{"start":{"line":26,"character":129},"end":{"line":26,"character":144}},"severity":1,"source":"sbt","message":"Found:    com.hellhat.actorbasedblockchain.blockchain.utils.JsonSupport.ChainJsonFormat\n  .type\nRequired: spray.json.JsonReader[Long]"}],"reset":false})[0m
[0m[[0m[31merror[0m] [0m[0m[31m-- [E007] Type Mismatch Error: /home/hellhat/Documents/actor-based-blockchain/src/main/scala/com/hellhat/actorbasedblockchain/blockchain/utils/JsonSupport.scala:27:129 [0m[0m
[0m[[0m[31merror[0m] [0m[0m[31m27 |[0m        ChainLink(index.toInt, proof.toLong, values.convertTo[[35mList[Transaction][0m], previousHash, timestamp.toLong, tail.convertTo(ChainJsonFormat))[0m
[0m[[0m[31merror[0m] [0m[0m   |                                                                                                                                 [31m^^^^^^^^^^^^^^^[0m[0m
[0m[[0m[31merror[0m] [0m[0m   |Found:    com.hellhat.actorbasedblockchain.blockchain.utils.JsonSupport.ChainJsonFormat[0m
[0m[[0m[31merror[0m] [0m[0m   |  .type[0m
[0m[[0m[31merror[0m] [0m[0m   |Required: spray.json.JsonReader[Long][0m
[0m[[0m[0mdebug[0m] [0m[0mjsonRpcNotify: JsonRpcNotificationMessage(2.0, build/logMessage, {"type":1,"message":"\u001b[31m-- [E007] Type Mismatch Error: /home/hellhat/Documents/actor-based-blockchain/src/main/scala/com/hellhat/actorbasedblockchain/blockchain/utils/JsonSupport.scala:27:129 \u001b[0m\n\u001b[31m27 |\u001b[0m        ChainLink(index.toInt, proof.toLong, values.convertTo[\u001b[35mList[Transaction]\u001b[0m], previousHash, timestamp.toLong, tail.convertTo(ChainJsonFormat))\n   |                                                                                                                                 \u001b[31m^^^^^^^^^^^^^^^\u001b[0m\n   |Found:    com.hellhat.actorbasedblockchain.blockchain.utils.JsonSupport.ChainJsonFormat\n   |  .type\n   |Required: spray.json.JsonReader[Long]"})[0m
[0m[[0m[31merror[0m] [0m[0mtwo errors found[0m
[0m[[0m[0mdebug[0m] [0m[0mjsonRpcNotify: JsonRpcNotificationMessage(2.0, build/logMessage, {"type":1,"message":"two errors found"})[0m
[0m[[0m[31merror[0m] [0m[0mtwo errors found[0m
[0m[[0m[0mdebug[0m] [0m[0mjsonRpcNotify: JsonRpcNotificationMessage(2.0, build/logMessage, {"type":1,"message":"two errors found"})[0m
[0m[[0m[0mdebug[0m] [0m[0mjsonRpcNotify: JsonRpcNotificationMessage(2.0, build/publishDiagnostics, {"textDocument":{"uri":"file:///home/hellhat/Documents/actor-based-blockchain/src/main/scala/com/hellhat/actorbasedblockchain/crypto/Crypto.scala"},"buildTarget":{"uri":"file:/home/hellhat/Documents/actor-based-blockchain/#root/Compile"},"diagnostics":[],"reset":true})[0m
[0m[[0m[0mdebug[0m] [0m[0mjsonRpcNotify: JsonRpcNotificationMessage(2.0, build/publishDiagnostics, {"textDocument":{"uri":"file:///home/hellhat/Documents/actor-based-blockchain/src/main/scala/com/hellhat/actorbasedblockchain/blockchain/Chain.scala"},"buildTarget":{"uri":"file:/home/hellhat/Documents/actor-based-blockchain/#root/Compile"},"diagnostics":[],"reset":true})[0m
[0m[[0m[0mdebug[0m] [0m[0mjsonRpcNotify: JsonRpcNotificationMessage(2.0, build/publishDiagnostics, {"textDocument":{"uri":"file:///home/hellhat/Documents/actor-based-blockchain/src/main/scala/com/hellhat/actorbasedblockchain/blockchain/Transaction.scala"},"buildTarget":{"uri":"file:/home/hellhat/Documents/actor-based-blockchain/#root/Compile"},"diagnostics":[],"reset":true})[0m
[0m[[0m[0mdebug[0m] [0m[0mjsonRpcNotify: JsonRpcNotificationMessage(2.0, build/publishDiagnostics, {"textDocument":{"uri":"file:///home/hellhat/Documents/actor-based-blockchain/src/main/scala/com/hellhat/actorbasedblockchain/blockchain/ProofOfWork.scala"},"buildTarget":{"uri":"file:/home/hellhat/Documents/actor-based-blockchain/#root/Compile"},"diagnostics":[],"reset":true})[0m
[0m[[0m[0mdebug[0m] [0m[0mjsonRpcNotify: JsonRpcNotificationMessage(2.0, build/publishDiagnostics, {"textDocument":{"uri":"file:///home/hellhat/Documents/actor-based-blockchain/src/main/scala/com/hellhat/actorbasedblockchain/blockchain/utils/JsonSupport.scala"},"buildTarget":{"uri":"file:/home/hellhat/Documents/actor-based-blockchain/#root/Compile"},"diagnostics":[{"range":{"start":{"line":26,"character":96},"end":{"line":26,"character":112}},"severity":1,"source":"sbt","message":"Found:    Long\nRequired: com.hellhat.actorbasedblockchain.blockchain.Chain"},{"range":{"start":{"line":26,"character":129},"end":{"line":26,"character":144}},"severity":1,"source":"sbt","message":"Found:    com.hellhat.actorbasedblockchain.blockchain.utils.JsonSupport.ChainJsonFormat\n  .type\nRequired: spray.json.JsonReader[Long]"}],"reset":true})[0m
[0m[[0m[0mdebug[0m] [0m[0mjsonRpcNotify: JsonRpcNotificationMessage(2.0, build/taskFinish, {"taskId":{"id":"24","parents":[]},"eventTime":1644275144137,"message":"Compiled root","status":2,"dataKind":"compile-report","data":{"target":{"uri":"file:/home/hellhat/Documents/actor-based-blockchain/#root/Compile"},"errors":2,"warnings":0,"time":626}})[0m
[0m[[0m[0mdebug[0m] [0m[0mForcing garbage collection...[0m
[0m[[0m[0mdebug[0m] [0m[0munmatched json error for requestId None: {"code":-32603,"message":"(Compile / \u001b[31mcompileIncremental\u001b[0m) Compilation failed"}[0m
[0m[[0m[31merror[0m] [0m[0m(Compile / [31mcompileIncremental[0m) Compilation failed[0m
[0m[[0m[0mdebug[0m] [0m[0mjsonRpcNotify: JsonRpcNotificationMessage(2.0, build/logMessage, {"type":1,"message":"(Compile / \u001b[31mcompileIncremental\u001b[0m) Compilation failed"})[0m
[0m[[0m[31merror[0m] [0m[0mTotal time: 1 s, completed Feb 7, 2022, 8:05:44 PM[0m
[0m[[0m[0mdebug[0m] [0m[0munmatched Done event for requestId None: None[0m
[0m[[0m[0mdebug[0m] [0m[0m> Exec(shell, None, None)[0m
